<?xml version="1.0" encoding="UTF-8"?>
<!-- Generated by org.testng.reporters.JUnitReportReporter -->
<testsuite skipped="0" hostname="MTYTM18201HYP" name="testRunners.LoginRunner" tests="1" failures="0" timestamp="28 Jan 2020 19:00:34 GMT" time="36.226" errors="0">
  <testcase name="runScenario" time="36.226" classname="testRunners.LoginRunner"/>
</testsuite> <!-- testRunners.LoginRunner -->
